<?xml version="1.0" encoding="UTF-8"?>
<testng-results skipped="0" failed="0" ignored="0" total="1" passed="1">
  <reporter-output>
  </reporter-output>
  <suite name="Default suite" duration-ms="19966" started-at="2018-08-22T17:52:22Z" finished-at="2018-08-22T17:52:42Z">
    <groups>
    </groups>
    <test name="Default test" duration-ms="19966" started-at="2018-08-22T17:52:22Z" finished-at="2018-08-22T17:52:42Z">
      <class name="testClasses.NewTest">
        <test-method status="PASS" signature="setUpClassLevel()[pri:0, instance:testClasses.NewTest@49ec71f8]" name="setUpClassLevel" is-config="true" duration-ms="5737" started-at="2018-08-22T17:52:22Z" finished-at="2018-08-22T17:52:28Z">
          <reporter-output>
          </reporter-output>
        </test-method> <!-- setUpClassLevel -->
        <test-method status="PASS" signature="setUpTestLevel()[pri:0, instance:testClasses.NewTest@49ec71f8]" name="setUpTestLevel" is-config="true" duration-ms="10844" started-at="2018-08-22T17:52:28Z" finished-at="2018-08-22T17:52:39Z">
          <reporter-output>
          </reporter-output>
        </test-method> <!-- setUpTestLevel -->
        <test-method status="PASS" signature="testLoginFail()[pri:0, instance:testClasses.NewTest@49ec71f8]" name="testLoginFail" duration-ms="275" started-at="2018-08-22T17:52:39Z" finished-at="2018-08-22T17:52:39Z">
          <reporter-output>
          </reporter-output>
        </test-method> <!-- testLoginFail -->
        <test-method status="PASS" signature="tearDown()[pri:0, instance:testClasses.NewTest@49ec71f8]" name="tearDown" is-config="true" duration-ms="3090" started-at="2018-08-22T17:52:39Z" finished-at="2018-08-22T17:52:42Z">
          <reporter-output>
          </reporter-output>
        </test-method> <!-- tearDown -->
      </class> <!-- testClasses.NewTest -->
    </test> <!-- Default test -->
  </suite> <!-- Default suite -->
</testng-results>
